<?xml version="1.0" encoding="UTF-8"?>
<!-- Generated by org.testng.reporters.JUnitXMLReporter -->
<testsuite hostname="Malini" ignored="0" name="MobileCalc" tests="2" failures="0" timestamp="26 Dec 2020 03:25:43 GMT" time="34.45" errors="0">
  <testcase name="writeMobileCalculatorTestScenarios" time="7.006" classname="Java.Framework.MobileCalculatorTestScenarios"/>
  <testcase name="writeMobileCalculatorTestScenarios" time="7.317" classname="Java.Framework.MobileCalculatorTestScenarios"/>
</testsuite> <!-- MobileCalc -->
