<?xml version="1.0" encoding="UTF-8"?>
<!-- Generated by org.testng.reporters.JUnitXMLReporter -->
<testsuite hostname="Malini" ignored="0" name="MobileCalc" tests="2" failures="0" timestamp="26 Dec 2020 09:34:32 GMT" time="36.937" errors="0">
  <testcase name="writeMobileCalculatorTestScenarios" time="7.766" classname="Java.Framework.MobileCalculatorTestScenarios"/>
  <testcase name="writeMobileCalculatorTestScenarios" time="7.182" classname="Java.Framework.MobileCalculatorTestScenarios"/>
</testsuite> <!-- MobileCalc -->
