<?xml version="1.0" encoding="UTF-8"?>
<!-- Generated by org.testng.reporters.JUnitXMLReporter -->
<testsuite hostname="Malini" ignored="0" name="MobileCalc" tests="2" failures="0" timestamp="26 Dec 2020 05:27:54 GMT" time="41.925" errors="0">
  <testcase name="writeMobileCalculatorTestScenarios" time="13.299" classname="Java.Framework.MobileCalculatorTestScenarios"/>
  <testcase name="writeMobileCalculatorTestScenarios" time="10.66" classname="Java.Framework.MobileCalculatorTestScenarios"/>
</testsuite> <!-- MobileCalc -->
